[2025-07-08 13:45:53 UTC] 116MiB STANDARD centroid_0.ann
[2025-07-08 13:46:10 UTC]  34MiB STANDARD centroid_1.ann
[2025-07-08 13:46:01 UTC]  20MiB STANDARD centroid_10.ann
[2025-07-08 13:46:07 UTC]  13MiB STANDARD centroid_11.ann
[2025-07-08 13:45:42 UTC]  77MiB STANDARD centroid_12.ann
[2025-07-08 13:46:24 UTC] 111MiB STANDARD centroid_13.ann
[2025-07-08 13:46:51 UTC]  84MiB STANDARD centroid_14.ann
[2025-07-08 13:47:04 UTC]  33MiB STANDARD centroid_15.ann
[2025-07-08 13:45:24 UTC]  28MiB STANDARD centroid_16.ann
[2025-07-08 13:45:50 UTC]  75MiB STANDARD centroid_17.ann
[2025-07-08 13:46:00 UTC]  16MiB STANDARD centroid_18.ann
[2025-07-08 13:46:01 UTC] 1.0MiB STANDARD centroid_19.ann
[2025-07-08 13:46:48 UTC] 114MiB STANDARD centroid_2.ann
[2025-07-08 13:45:39 UTC]  60MiB STANDARD centroid_20.ann
[2025-07-08 13:45:59 UTC]  40MiB STANDARD centroid_21.ann
[2025-07-08 13:46:19 UTC]  41MiB STANDARD centroid_22.ann
[2025-07-08 13:46:26 UTC]  16MiB STANDARD centroid_23.ann
[2025-07-08 13:45:14 UTC] 2.4MiB STANDARD centroid_24.ann
[2025-07-08 13:45:37 UTC]  48MiB STANDARD centroid_25.ann
[2025-07-08 13:46:03 UTC]  56MiB STANDARD centroid_26.ann
[2025-07-08 13:46:42 UTC]  94MiB STANDARD centroid_27.ann
[2025-07-08 13:45:22 UTC]  18MiB STANDARD centroid_28.ann
[2025-07-08 13:45:48 UTC]  62MiB STANDARD centroid_29.ann
[2025-07-08 13:47:33 UTC] 177MiB STANDARD centroid_3.ann
[2025-07-08 13:45:56 UTC]  14MiB STANDARD centroid_30.ann
[2025-07-08 13:46:19 UTC]  52MiB STANDARD centroid_31.ann
[2025-07-08 13:45:34 UTC]  45MiB STANDARD centroid_32.ann
[2025-07-08 13:46:13 UTC] 107MiB STANDARD centroid_33.ann
[2025-07-08 13:46:38 UTC]  61MiB STANDARD centroid_34.ann
[2025-07-08 13:46:57 UTC]  40MiB STANDARD centroid_35.ann
[2025-07-08 13:45:52 UTC] 104MiB STANDARD centroid_36.ann
[2025-07-08 13:46:03 UTC]  21MiB STANDARD centroid_37.ann
[2025-07-08 13:46:19 UTC]  31MiB STANDARD centroid_38.ann
[2025-07-08 13:46:21 UTC] 4.6MiB STANDARD centroid_39.ann
[2025-07-08 13:45:33 UTC]  48MiB STANDARD centroid_4.ann
[2025-07-08 13:46:01 UTC] 126MiB STANDARD centroid_40.ann
[2025-07-08 13:46:26 UTC]  50MiB STANDARD centroid_41.ann
[2025-07-08 13:46:33 UTC]  16MiB STANDARD centroid_42.ann
[2025-07-08 13:47:06 UTC]  85MiB STANDARD centroid_43.ann
[2025-07-08 13:45:42 UTC]  74MiB STANDARD centroid_44.ann
[2025-07-08 13:45:44 UTC] 2.7MiB STANDARD centroid_45.ann
[2025-07-08 13:46:37 UTC] 174MiB STANDARD centroid_46.ann
[2025-07-08 13:46:52 UTC]  32MiB STANDARD centroid_47.ann
[2025-07-08 13:45:47 UTC]  88MiB STANDARD centroid_48.ann
[2025-07-08 13:46:18 UTC]  78MiB STANDARD centroid_49.ann
[2025-07-08 13:45:42 UTC]  19MiB STANDARD centroid_5.ann
[2025-07-08 13:46:48 UTC]  70MiB STANDARD centroid_50.ann
[2025-07-08 13:47:08 UTC]  56MiB STANDARD centroid_51.ann
[2025-07-08 13:45:55 UTC] 102MiB STANDARD centroid_52.ann
[2025-07-08 13:45:57 UTC] 782KiB STANDARD centroid_53.ann
[2025-07-08 13:46:28 UTC]  71MiB STANDARD centroid_54.ann
[2025-07-08 13:46:32 UTC] 9.3MiB STANDARD centroid_55.ann
[2025-07-08 13:45:30 UTC]  37MiB STANDARD centroid_56.ann
[2025-07-08 13:46:07 UTC] 104MiB STANDARD centroid_57.ann
[2025-07-08 13:46:31 UTC]  60MiB STANDARD centroid_58.ann
[2025-07-08 13:47:00 UTC]  95MiB STANDARD centroid_59.ann
[2025-07-08 13:46:10 UTC]  70MiB STANDARD centroid_6.ann
[2025-07-08 13:45:46 UTC]  88MiB STANDARD centroid_60.ann
[2025-07-08 13:46:22 UTC]  88MiB STANDARD centroid_61.ann
[2025-07-08 13:46:37 UTC]  34MiB STANDARD centroid_62.ann
[2025-07-08 13:47:04 UTC]  76MiB STANDARD centroid_63.ann
[2025-07-08 13:46:40 UTC]  83MiB STANDARD centroid_7.ann
[2025-07-08 13:45:23 UTC]  22MiB STANDARD centroid_8.ann
[2025-07-08 13:45:52 UTC]  73MiB STANDARD centroid_9.ann
[2025-07-08 13:41:48 UTC] 125KiB STANDARD centroids.json
[2025-07-08 14:06:46 UTC]  68MiB STANDARD centroid_0.ann
[2025-07-08 14:07:13 UTC]  61MiB STANDARD centroid_1.ann
[2025-07-08 14:07:09 UTC]  35MiB STANDARD centroid_10.ann
[2025-07-08 14:07:21 UTC]  25MiB STANDARD centroid_11.ann
[2025-07-08 14:06:43 UTC]  62MiB STANDARD centroid_12.ann
[2025-07-08 14:06:53 UTC]  16MiB STANDARD centroid_13.ann
[2025-07-08 14:07:31 UTC]  96MiB STANDARD centroid_14.ann
[2025-07-08 14:07:46 UTC]  30MiB STANDARD centroid_15.ann
[2025-07-08 14:06:26 UTC]  14MiB STANDARD centroid_16.ann
[2025-07-08 14:07:13 UTC] 139MiB STANDARD centroid_17.ann
[2025-07-08 14:07:44 UTC]  72MiB STANDARD centroid_18.ann
[2025-07-08 14:08:10 UTC]  70MiB STANDARD centroid_19.ann
[2025-07-08 14:07:33 UTC]  52MiB STANDARD centroid_2.ann
[2025-07-08 14:07:13 UTC] 146MiB STANDARD centroid_20.ann
[2025-07-08 14:07:54 UTC] 116MiB STANDARD centroid_21.ann
[2025-07-08 14:08:23 UTC]  92MiB STANDARD centroid_22.ann
[2025-07-08 14:08:50 UTC]  90MiB STANDARD centroid_23.ann
[2025-07-08 14:06:47 UTC]  78MiB STANDARD centroid_24.ann
[2025-07-08 14:07:08 UTC]  47MiB STANDARD centroid_25.ann
[2025-07-08 14:07:14 UTC]  11MiB STANDARD centroid_26.ann
[2025-07-08 14:07:47 UTC]  99MiB STANDARD centroid_27.ann
[2025-07-08 14:06:35 UTC]  36MiB STANDARD centroid_28.ann
[2025-07-08 14:06:53 UTC]  36MiB STANDARD centroid_29.ann
[2025-07-08 14:07:46 UTC]  32MiB STANDARD centroid_3.ann
[2025-07-08 14:07:26 UTC]  89MiB STANDARD centroid_30.ann
[2025-07-08 14:07:42 UTC]  33MiB STANDARD centroid_31.ann
[2025-07-08 14:06:24 UTC]  12MiB STANDARD centroid_32.ann
[2025-07-08 14:07:06 UTC] 103MiB STANDARD centroid_33.ann
[2025-07-08 14:07:59 UTC] 152MiB STANDARD centroid_34.ann
[2025-07-08 14:08:26 UTC]  73MiB STANDARD centroid_35.ann
[2025-07-08 14:06:42 UTC]  54MiB STANDARD centroid_36.ann
[2025-07-08 14:07:07 UTC]  51MiB STANDARD centroid_37.ann
[2025-07-08 14:07:34 UTC]  54MiB STANDARD centroid_38.ann
[2025-07-08 14:07:48 UTC]  36MiB STANDARD centroid_39.ann
[2025-07-08 14:06:19 UTC] 2.9MiB STANDARD centroid_4.ann
[2025-07-08 14:06:30 UTC]  24MiB STANDARD centroid_40.ann
[2025-07-08 14:06:53 UTC]  58MiB STANDARD centroid_41.ann
[2025-07-08 14:07:08 UTC]  34MiB STANDARD centroid_42.ann
[2025-07-08 14:07:12 UTC] 7.5MiB STANDARD centroid_43.ann
[2025-07-08 14:06:23 UTC] 7.4MiB STANDARD centroid_44.ann
[2025-07-08 14:06:38 UTC]  33MiB STANDARD centroid_45.ann
[2025-07-08 14:07:00 UTC]  51MiB STANDARD centroid_46.ann
[2025-07-08 14:07:06 UTC]  11MiB STANDARD centroid_47.ann
[2025-07-08 14:06:52 UTC]  93MiB STANDARD centroid_48.ann
[2025-07-08 14:07:00 UTC]  14MiB STANDARD centroid_49.ann
[2025-07-08 14:06:43 UTC]  53MiB STANDARD centroid_5.ann
[2025-07-08 14:07:31 UTC]  75MiB STANDARD centroid_50.ann
[2025-07-08 14:08:07 UTC] 116MiB STANDARD centroid_51.ann
[2025-07-08 14:06:33 UTC]  32MiB STANDARD centroid_52.ann
[2025-07-08 14:07:02 UTC]  70MiB STANDARD centroid_53.ann
[2025-07-08 14:07:32 UTC]  67MiB STANDARD centroid_54.ann
[2025-07-08 14:07:35 UTC] 5.3MiB STANDARD centroid_55.ann
[2025-07-08 14:06:25 UTC]  14MiB STANDARD centroid_56.ann
[2025-07-08 14:06:48 UTC]  49MiB STANDARD centroid_57.ann
[2025-07-08 14:07:29 UTC] 122MiB STANDARD centroid_58.ann
[2025-07-08 14:07:43 UTC]  30MiB STANDARD centroid_59.ann
[2025-07-08 14:07:14 UTC]  84MiB STANDARD centroid_6.ann
[2025-07-08 14:07:04 UTC] 132MiB STANDARD centroid_60.ann
[2025-07-08 14:07:07 UTC] 3.7MiB STANDARD centroid_61.ann
[2025-07-08 14:07:33 UTC]  71MiB STANDARD centroid_62.ann
[2025-07-08 14:08:09 UTC] 111MiB STANDARD centroid_63.ann
[2025-07-08 14:07:46 UTC]  95MiB STANDARD centroid_7.ann
[2025-07-08 14:06:29 UTC]  27MiB STANDARD centroid_8.ann
[2025-07-08 14:06:55 UTC]  73MiB STANDARD centroid_9.ann
[2025-07-08 14:02:50 UTC] 125KiB STANDARD centroids.json
[2025-07-08 14:19:00 UTC]  18MiB STANDARD centroid_0.ann
[2025-07-08 14:19:44 UTC] 130MiB STANDARD centroid_1.ann
[2025-07-08 14:07:09 UTC]  35MiB STANDARD centroid_10.ann
[2025-07-08 14:07:21 UTC]  25MiB STANDARD centroid_11.ann
[2025-07-08 14:19:22 UTC]  86MiB STANDARD centroid_12.ann
[2025-07-08 14:19:47 UTC]  60MiB STANDARD centroid_13.ann
[2025-07-08 14:07:31 UTC]  96MiB STANDARD centroid_14.ann
[2025-07-08 14:07:46 UTC]  30MiB STANDARD centroid_15.ann
[2025-07-08 14:19:10 UTC]  33MiB STANDARD centroid_16.ann
[2025-07-08 14:07:13 UTC] 139MiB STANDARD centroid_17.ann
[2025-07-08 14:07:44 UTC]  72MiB STANDARD centroid_18.ann
[2025-07-08 14:08:10 UTC]  70MiB STANDARD centroid_19.ann
[2025-07-08 14:07:33 UTC]  52MiB STANDARD centroid_2.ann
[2025-07-08 14:07:13 UTC] 146MiB STANDARD centroid_20.ann
[2025-07-08 14:07:54 UTC] 116MiB STANDARD centroid_21.ann
[2025-07-08 14:08:23 UTC]  92MiB STANDARD centroid_22.ann
[2025-07-08 14:08:50 UTC]  90MiB STANDARD centroid_23.ann
[2025-07-08 14:19:30 UTC] 112MiB STANDARD centroid_24.ann
[2025-07-08 14:19:34 UTC] 4.6MiB STANDARD centroid_25.ann
[2025-07-08 14:07:14 UTC]  11MiB STANDARD centroid_26.ann
[2025-07-08 14:07:47 UTC]  99MiB STANDARD centroid_27.ann
[2025-07-08 14:18:59 UTC]  10MiB STANDARD centroid_28.ann
[2025-07-08 14:19:11 UTC]  27MiB STANDARD centroid_29.ann
[2025-07-08 14:07:46 UTC]  32MiB STANDARD centroid_3.ann
[2025-07-08 14:19:20 UTC]  19MiB STANDARD centroid_30.ann
[2025-07-08 14:19:42 UTC]  51MiB STANDARD centroid_31.ann
[2025-07-08 14:18:57 UTC] 9.7MiB STANDARD centroid_32.ann
[2025-07-08 14:19:37 UTC] 108MiB STANDARD centroid_33.ann
[2025-07-08 14:07:59 UTC] 152MiB STANDARD centroid_34.ann
[2025-07-08 14:08:26 UTC]  73MiB STANDARD centroid_35.ann
[2025-07-08 14:19:20 UTC]  67MiB STANDARD centroid_36.ann
[2025-07-08 14:19:34 UTC]  29MiB STANDARD centroid_37.ann
[2025-07-08 14:19:46 UTC]  29MiB STANDARD centroid_38.ann
[2025-07-08 14:07:48 UTC]  36MiB STANDARD centroid_39.ann
[2025-07-08 14:18:57 UTC]  11MiB STANDARD centroid_4.ann
[2025-07-08 14:19:33 UTC] 113MiB STANDARD centroid_40.ann
[2025-07-08 14:06:53 UTC]  58MiB STANDARD centroid_41.ann
[2025-07-08 14:07:08 UTC]  34MiB STANDARD centroid_42.ann
[2025-07-08 14:07:12 UTC] 7.5MiB STANDARD centroid_43.ann
[2025-07-08 14:19:11 UTC]  42MiB STANDARD centroid_44.ann
[2025-07-08 14:19:35 UTC]  61MiB STANDARD centroid_45.ann
[2025-07-08 14:19:41 UTC] 9.1MiB STANDARD centroid_46.ann
[2025-07-08 14:07:06 UTC]  11MiB STANDARD centroid_47.ann
[2025-07-08 14:19:18 UTC]  51MiB STANDARD centroid_48.ann
[2025-07-08 14:19:44 UTC]  53MiB STANDARD centroid_49.ann
[2025-07-08 14:19:30 UTC]  83MiB STANDARD centroid_5.ann
[2025-07-08 14:07:31 UTC]  75MiB STANDARD centroid_50.ann
[2025-07-08 14:08:07 UTC] 116MiB STANDARD centroid_51.ann
[2025-07-08 14:19:39 UTC] 141MiB STANDARD centroid_52.ann
[2025-07-08 14:19:41 UTC] 478KiB STANDARD centroid_53.ann
[2025-07-08 14:19:49 UTC]  18MiB STANDARD centroid_54.ann
[2025-07-08 14:07:35 UTC] 5.3MiB STANDARD centroid_55.ann
[2025-07-08 14:18:55 UTC] 5.8MiB STANDARD centroid_56.ann
[2025-07-08 14:19:21 UTC]  71MiB STANDARD centroid_57.ann
[2025-07-08 14:07:29 UTC] 122MiB STANDARD centroid_58.ann
[2025-07-08 14:07:43 UTC]  30MiB STANDARD centroid_59.ann
[2025-07-08 14:07:14 UTC]  84MiB STANDARD centroid_6.ann
[2025-07-08 14:07:04 UTC] 132MiB STANDARD centroid_60.ann
[2025-07-08 14:07:07 UTC] 3.7MiB STANDARD centroid_61.ann
[2025-07-08 14:07:33 UTC]  71MiB STANDARD centroid_62.ann
[2025-07-08 14:08:09 UTC] 111MiB STANDARD centroid_63.ann
[2025-07-08 14:07:46 UTC]  95MiB STANDARD centroid_7.ann
[2025-07-08 14:19:10 UTC]  42MiB STANDARD centroid_8.ann
[2025-07-08 14:06:55 UTC]  73MiB STANDARD centroid_9.ann
[2025-07-08 14:15:30 UTC] 125KiB STANDARD centroids.json
[2025-07-08 14:29:34 UTC]  91MiB STANDARD centroid_0.ann
[2025-07-08 14:29:57 UTC]  53MiB STANDARD centroid_1.ann
[2025-07-08 14:29:49 UTC]  22MiB STANDARD centroid_10.ann
[2025-07-08 14:30:13 UTC]  50MiB STANDARD centroid_11.ann
[2025-07-08 14:29:42 UTC] 128MiB STANDARD centroid_12.ann
[2025-07-08 14:30:13 UTC]  77MiB STANDARD centroid_13.ann
[2025-07-08 14:30:26 UTC]  31MiB STANDARD centroid_14.ann
[2025-07-08 14:30:50 UTC]  72MiB STANDARD centroid_15.ann
[2025-07-08 14:29:39 UTC] 106MiB STANDARD centroid_16.ann
[2025-07-08 14:30:14 UTC]  97MiB STANDARD centroid_17.ann
[2025-07-08 14:30:33 UTC]  45MiB STANDARD centroid_18.ann
[2025-07-08 14:30:51 UTC]  45MiB STANDARD centroid_19.ann
[2025-07-08 14:30:22 UTC]  73MiB STANDARD centroid_2.ann
[2025-07-08 14:29:49 UTC] 142MiB STANDARD centroid_20.ann
[2025-07-08 14:29:53 UTC] 4.7MiB STANDARD centroid_21.ann
[2025-07-08 14:30:12 UTC]  43MiB STANDARD centroid_22.ann
[2025-07-08 14:30:47 UTC] 105MiB STANDARD centroid_23.ann
[2025-07-08 14:29:14 UTC]  28MiB STANDARD centroid_24.ann
[2025-07-08 14:29:54 UTC] 107MiB STANDARD centroid_25.ann
[2025-07-08 14:30:22 UTC]  66MiB STANDARD centroid_26.ann
[2025-07-08 14:30:45 UTC]  57MiB STANDARD centroid_27.ann
[2025-07-08 14:29:34 UTC]  90MiB STANDARD centroid_28.ann
[2025-07-08 14:29:50 UTC]  32MiB STANDARD centroid_29.ann
[2025-07-08 14:30:30 UTC]  17MiB STANDARD centroid_3.ann
[2025-07-08 14:30:26 UTC]  86MiB STANDARD centroid_30.ann
[2025-07-08 14:30:41 UTC]  33MiB STANDARD centroid_31.ann
[2025-07-08 14:29:24 UTC]  53MiB STANDARD centroid_32.ann
[2025-07-08 14:29:42 UTC]  39MiB STANDARD centroid_33.ann
[2025-07-08 14:30:08 UTC]  52MiB STANDARD centroid_34.ann
[2025-07-08 14:30:18 UTC]  18MiB STANDARD centroid_35.ann
[2025-07-08 14:29:18 UTC]  40MiB STANDARD centroid_36.ann
[2025-07-08 14:29:49 UTC]  73MiB STANDARD centroid_37.ann
[2025-07-08 14:30:13 UTC]  42MiB STANDARD centroid_38.ann
[2025-07-08 14:30:22 UTC]  16MiB STANDARD centroid_39.ann
[2025-07-08 14:29:01 UTC] 2.9MiB STANDARD centroid_4.ann
[2025-07-08 14:29:20 UTC]  45MiB STANDARD centroid_40.ann
[2025-07-08 14:29:44 UTC]  56MiB STANDARD centroid_41.ann
[2025-07-08 14:30:11 UTC]  62MiB STANDARD centroid_42.ann
[2025-07-08 14:30:42 UTC]  76MiB STANDARD centroid_43.ann
[2025-07-08 14:29:12 UTC]  24MiB STANDARD centroid_44.ann
[2025-07-08 14:29:29 UTC]  41MiB STANDARD centroid_45.ann
[2025-07-08 14:29:49 UTC]  41MiB STANDARD centroid_46.ann
[2025-07-08 14:29:50 UTC] 1.6MiB STANDARD centroid_47.ann
[2025-07-08 14:29:49 UTC] 132MiB STANDARD centroid_48.ann
[2025-07-08 14:30:12 UTC]  50MiB STANDARD centroid_49.ann
[2025-07-08 14:29:22 UTC]  47MiB STANDARD centroid_5.ann
[2025-07-08 14:31:06 UTC] 177MiB STANDARD centroid_50.ann
[2025-07-08 14:31:08 UTC] 490KiB STANDARD centroid_51.ann
[2025-07-08 14:29:32 UTC]  87MiB STANDARD centroid_52.ann
[2025-07-08 14:30:17 UTC] 115MiB STANDARD centroid_53.ann
[2025-07-08 14:30:30 UTC]  31MiB STANDARD centroid_54.ann
[2025-07-08 14:31:01 UTC]  88MiB STANDARD centroid_55.ann
[2025-07-08 14:29:06 UTC]  11MiB STANDARD centroid_56.ann
[2025-07-08 14:29:56 UTC] 131MiB STANDARD centroid_57.ann
[2025-07-08 14:30:22 UTC]  56MiB STANDARD centroid_58.ann
[2025-07-08 14:30:53 UTC] 102MiB STANDARD centroid_59.ann
[2025-07-08 14:29:46 UTC]  53MiB STANDARD centroid_6.ann
[2025-07-08 14:29:01 UTC] 2.2MiB STANDARD centroid_60.ann
[2025-07-08 14:29:22 UTC]  44MiB STANDARD centroid_61.ann
[2025-07-08 14:29:41 UTC]  37MiB STANDARD centroid_62.ann
[2025-07-08 14:30:13 UTC]  67MiB STANDARD centroid_63.ann
[2025-07-08 14:30:08 UTC]  44MiB STANDARD centroid_7.ann
[2025-07-08 14:29:24 UTC]  57MiB STANDARD centroid_8.ann
[2025-07-08 14:29:37 UTC]  33MiB STANDARD centroid_9.ann
[2025-07-08 14:25:38 UTC] 125KiB STANDARD centroids.json
[2025-07-08 14:41:27 UTC] 102MiB STANDARD centroid_0.ann
[2025-07-08 14:42:03 UTC]  93MiB STANDARD centroid_1.ann
[2025-07-08 14:41:22 UTC]  27MiB STANDARD centroid_10.ann
[2025-07-08 14:41:29 UTC]  14MiB STANDARD centroid_11.ann
[2025-07-08 14:41:18 UTC]  81MiB STANDARD centroid_12.ann
[2025-07-08 14:41:30 UTC]  26MiB STANDARD centroid_13.ann
[2025-07-08 14:42:18 UTC] 140MiB STANDARD centroid_14.ann
[2025-07-08 14:42:31 UTC]  24MiB STANDARD centroid_15.ann
[2025-07-08 14:41:34 UTC] 119MiB STANDARD centroid_16.ann
[2025-07-08 14:41:40 UTC] 8.7MiB STANDARD centroid_17.ann
[2025-07-08 14:42:22 UTC] 145MiB STANDARD centroid_18.ann
[2025-07-08 14:42:39 UTC]  41MiB STANDARD centroid_19.ann
[2025-07-08 14:42:24 UTC]  50MiB STANDARD centroid_2.ann
[2025-07-08 14:41:00 UTC]  22MiB STANDARD centroid_20.ann
[2025-07-08 14:41:27 UTC]  62MiB STANDARD centroid_21.ann
[2025-07-08 14:41:39 UTC]  26MiB STANDARD centroid_22.ann
[2025-07-08 14:42:18 UTC] 111MiB STANDARD centroid_23.ann
[2025-07-08 14:41:18 UTC]  66MiB STANDARD centroid_24.ann
[2025-07-08 14:41:38 UTC]  43MiB STANDARD centroid_25.ann
[2025-07-08 14:42:24 UTC] 123MiB STANDARD centroid_26.ann
[2025-07-08 14:42:49 UTC]  59MiB STANDARD centroid_27.ann
[2025-07-08 14:41:09 UTC]  43MiB STANDARD centroid_28.ann
[2025-07-08 14:41:23 UTC]  30MiB STANDARD centroid_29.ann
[2025-07-08 14:42:44 UTC]  54MiB STANDARD centroid_3.ann
[2025-07-08 14:41:46 UTC]  50MiB STANDARD centroid_30.ann
[2025-07-08 14:42:38 UTC] 153MiB STANDARD centroid_31.ann
[2025-07-08 14:40:50 UTC] 2.4MiB STANDARD centroid_32.ann
[2025-07-08 14:41:26 UTC]  85MiB STANDARD centroid_33.ann
[2025-07-08 14:41:34 UTC]  16MiB STANDARD centroid_34.ann
[2025-07-08 14:41:47 UTC]  23MiB STANDARD centroid_35.ann
[2025-07-08 14:41:02 UTC]  28MiB STANDARD centroid_36.ann
[2025-07-08 14:41:40 UTC] 110MiB STANDARD centroid_37.ann
[2025-07-08 14:42:03 UTC]  48MiB STANDARD centroid_38.ann
[2025-07-08 14:42:05 UTC] 4.0MiB STANDARD centroid_39.ann
[2025-07-08 14:41:07 UTC]  40MiB STANDARD centroid_4.ann
[2025-07-08 14:41:19 UTC]  78MiB STANDARD centroid_40.ann
[2025-07-08 14:41:44 UTC]  60MiB STANDARD centroid_41.ann
[2025-07-08 14:42:24 UTC] 119MiB STANDARD centroid_42.ann
[2025-07-08 14:42:58 UTC] 117MiB STANDARD centroid_43.ann
[2025-07-08 14:40:58 UTC]  17MiB STANDARD centroid_44.ann
[2025-07-08 14:41:11 UTC]  33MiB STANDARD centroid_45.ann
[2025-07-08 14:41:42 UTC]  78MiB STANDARD centroid_46.ann
[2025-07-08 14:41:54 UTC]  25MiB STANDARD centroid_47.ann
[2025-07-08 14:41:05 UTC]  34MiB STANDARD centroid_48.ann
[2025-07-08 14:41:15 UTC]  24MiB STANDARD centroid_49.ann
[2025-07-08 14:41:35 UTC]  73MiB STANDARD centroid_5.ann
[2025-07-08 14:41:37 UTC]  54MiB STANDARD centroid_50.ann
[2025-07-08 14:42:13 UTC]  92MiB STANDARD centroid_51.ann
[2025-07-08 14:41:39 UTC] 155MiB STANDARD centroid_52.ann
[2025-07-08 14:42:13 UTC]  78MiB STANDARD centroid_53.ann
[2025-07-08 14:42:20 UTC]  15MiB STANDARD centroid_54.ann
[2025-07-08 14:42:46 UTC]  75MiB STANDARD centroid_55.ann
[2025-07-08 14:41:13 UTC]  58MiB STANDARD centroid_56.ann
[2025-07-08 14:41:26 UTC]  26MiB STANDARD centroid_57.ann
[2025-07-08 14:41:40 UTC]  31MiB STANDARD centroid_58.ann
[2025-07-08 14:42:04 UTC]  56MiB STANDARD centroid_59.ann
[2025-07-08 14:41:50 UTC]  28MiB STANDARD centroid_6.ann
[2025-07-08 14:41:03 UTC]  30MiB STANDARD centroid_60.ann
[2025-07-08 14:41:40 UTC] 102MiB STANDARD centroid_61.ann
[2025-07-08 14:42:20 UTC] 111MiB STANDARD centroid_62.ann
[2025-07-08 14:42:21 UTC] 558KiB STANDARD centroid_63.ann
[2025-07-08 14:42:14 UTC]  62MiB STANDARD centroid_7.ann
[2025-07-08 14:41:06 UTC]  39MiB STANDARD centroid_8.ann
[2025-07-08 14:41:10 UTC] 8.9MiB STANDARD centroid_9.ann
[2025-07-08 14:37:28 UTC] 125KiB STANDARD centroids.json
[2025-07-08 14:52:20 UTC]  24MiB STANDARD centroid_0.ann
[2025-07-08 14:53:00 UTC] 116MiB STANDARD centroid_1.ann
[2025-07-08 14:53:16 UTC]  60MiB STANDARD centroid_10.ann
[2025-07-08 14:53:30 UTC]  30MiB STANDARD centroid_11.ann
[2025-07-08 14:52:43 UTC]  84MiB STANDARD centroid_12.ann
[2025-07-08 14:52:57 UTC]  26MiB STANDARD centroid_13.ann
[2025-07-08 14:52:59 UTC] 1.2MiB STANDARD centroid_14.ann
[2025-07-08 14:53:19 UTC]  50MiB STANDARD centroid_15.ann
[2025-07-08 14:52:34 UTC]  50MiB STANDARD centroid_16.ann
[2025-07-08 14:52:54 UTC]  47MiB STANDARD centroid_17.ann
[2025-07-08 14:53:22 UTC]  78MiB STANDARD centroid_18.ann
[2025-07-08 14:42:39 UTC]  41MiB STANDARD centroid_19.ann
[2025-07-08 14:53:20 UTC]  47MiB STANDARD centroid_2.ann
[2025-07-08 14:52:23 UTC]  24MiB STANDARD centroid_20.ann
[2025-07-08 14:52:47 UTC]  55MiB STANDARD centroid_21.ann
[2025-07-08 14:53:04 UTC]  36MiB STANDARD centroid_22.ann
[2025-07-08 14:53:14 UTC]  20MiB STANDARD centroid_23.ann
[2025-07-08 14:52:58 UTC] 153MiB STANDARD centroid_24.ann
[2025-07-08 14:41:38 UTC]  43MiB STANDARD centroid_25.ann
[2025-07-08 14:42:24 UTC] 123MiB STANDARD centroid_26.ann
[2025-07-08 14:42:49 UTC]  59MiB STANDARD centroid_27.ann
[2025-07-08 14:52:45 UTC]  89MiB STANDARD centroid_28.ann
[2025-07-08 14:53:27 UTC] 122MiB STANDARD centroid_29.ann
[2025-07-08 14:42:44 UTC]  54MiB STANDARD centroid_3.ann
[2025-07-08 14:41:46 UTC]  50MiB STANDARD centroid_30.ann
[2025-07-08 14:42:38 UTC] 153MiB STANDARD centroid_31.ann
[2025-07-08 14:52:25 UTC]  30MiB STANDARD centroid_32.ann
[2025-07-08 14:52:58 UTC]  90MiB STANDARD centroid_33.ann
[2025-07-08 14:41:34 UTC]  16MiB STANDARD centroid_34.ann
[2025-07-08 14:41:47 UTC]  23MiB STANDARD centroid_35.ann
[2025-07-08 14:52:12 UTC] 3.6MiB STANDARD centroid_36.ann
[2025-07-08 14:52:16 UTC] 7.6MiB STANDARD centroid_37.ann
[2025-07-08 14:52:18 UTC] 5.2MiB STANDARD centroid_38.ann
[2025-07-08 14:52:49 UTC]  84MiB STANDARD centroid_39.ann
[2025-07-08 14:52:20 UTC]  19MiB STANDARD centroid_4.ann
[2025-07-08 14:52:59 UTC] 152MiB STANDARD centroid_40.ann
[2025-07-08 14:53:23 UTC]  57MiB STANDARD centroid_41.ann
[2025-07-08 14:42:24 UTC] 119MiB STANDARD centroid_42.ann
[2025-07-08 14:42:58 UTC] 117MiB STANDARD centroid_43.ann
[2025-07-08 14:52:27 UTC]  41MiB STANDARD centroid_44.ann
[2025-07-08 14:53:02 UTC]  90MiB STANDARD centroid_45.ann
[2025-07-08 14:41:42 UTC]  78MiB STANDARD centroid_46.ann
[2025-07-08 14:41:54 UTC]  25MiB STANDARD centroid_47.ann
[2025-07-08 14:52:36 UTC]  65MiB STANDARD centroid_48.ann
[2025-07-08 14:52:48 UTC]  24MiB STANDARD centroid_49.ann
[2025-07-08 14:52:47 UTC]  62MiB STANDARD centroid_5.ann
[2025-07-08 14:53:13 UTC]  54MiB STANDARD centroid_50.ann
[2025-07-08 14:42:13 UTC]  92MiB STANDARD centroid_51.ann
[2025-07-08 14:52:33 UTC]  51MiB STANDARD centroid_52.ann
[2025-07-08 14:52:35 UTC] 4.6MiB STANDARD centroid_53.ann
[2025-07-08 14:53:09 UTC]  96MiB STANDARD centroid_54.ann
[2025-07-08 14:42:46 UTC]  75MiB STANDARD centroid_55.ann
[2025-07-08 14:52:29 UTC]  41MiB STANDARD centroid_56.ann
[2025-07-08 14:52:41 UTC]  28MiB STANDARD centroid_57.ann
[2025-07-08 14:53:03 UTC]  49MiB STANDARD centroid_58.ann
[2025-07-08 14:53:15 UTC]  28MiB STANDARD centroid_59.ann
[2025-07-08 14:53:15 UTC]  71MiB STANDARD centroid_6.ann
[2025-07-08 14:52:39 UTC]  71MiB STANDARD centroid_60.ann
[2025-07-08 14:52:58 UTC]  37MiB STANDARD centroid_61.ann
[2025-07-08 14:53:16 UTC]  41MiB STANDARD centroid_62.ann
[2025-07-08 14:53:20 UTC] 8.8MiB STANDARD centroid_63.ann
[2025-07-08 14:42:14 UTC]  62MiB STANDARD centroid_7.ann
[2025-07-08 14:52:11 UTC] 3.3MiB STANDARD centroid_8.ann
[2025-07-08 14:52:47 UTC]  96MiB STANDARD centroid_9.ann
[2025-07-08 14:48:49 UTC] 125KiB STANDARD centroids.json
